Assembler report for TAIBI_Lab1
Fri Jan 19 18:23:58 2024
Quartus Prime Version 18.1.0 Build 625 09/12/2018 SJ Lite Edition


---------------------
; Table of Contents ;
---------------------
  1. Legal Notice
  2. Assembler Summary
  3. Assembler Settings
  4. Assembler Encrypted IP Cores Summary
  5. Assembler Generated Files
  6. Assembler Device Options: E:/PortableGit/26869477436acdbd4a38e2197f9c44f255b404d9/output_files/TAIBI_Lab1.sof
  7. Assembler Messages



----------------
; Legal Notice ;
----------------
Copyright (C) 2018  Intel Corporation. All rights reserved.
Your use of Intel Corporation's design tools, logic functions 
and other software and tools, and its AMPP partner logic 
functions, and any output files from any of the foregoing 
(including device programming or simulation files), and any 
associated documentation or information are expressly subject 
to the terms and conditions of the Intel Program License 
Subscription Agreement, the Intel Quartus Prime License Agreement,
the Intel FPGA IP License Agreement, or other applicable license
agreement, including, without limitation, that your use is for
the sole purpose of programming logic devices manufactured by
Intel and sold by Intel or its authorized distributors.  Please
refer to the applicable agreement for further details.



+---------------------------------------------------------------+
; Assembler Summary                                             ;
+-----------------------+---------------------------------------+
; Assembler Status      ; Successful - Fri Jan 19 18:23:58 2024 ;
; Revision Name         ; TAIBI_Lab1                            ;
; Top-level Entity Name ; Achraf_Lab1                           ;
; Family                ; MAX 10                                ;
; Device                ; 10M50DAF484C7G                        ;
+-----------------------+---------------------------------------+


+----------------------------------+
; Assembler Settings               ;
+--------+---------+---------------+
; Option ; Setting ; Default Value ;
+--------+---------+---------------+


+------------------------------------------------+
; Assembler Encrypted IP Cores Summary           ;
+--------+------------------------+--------------+
; Vendor ; IP Core Name           ; License Type ;
+--------+------------------------+--------------+
; Altera ; Signal Tap (6AF7 BCE1) ; Licensed     ;
; Altera ; Signal Tap (6AF7 BCEC) ; Licensed     ;
+--------+------------------------+--------------+


+-------------------------------------------------------------------------------------+
; Assembler Generated Files                                                           ;
+-------------------------------------------------------------------------------------+
; File Name                                                                           ;
+-------------------------------------------------------------------------------------+
; E:/PortableGit/26869477436acdbd4a38e2197f9c44f255b404d9/output_files/TAIBI_Lab1.sof ;
+-------------------------------------------------------------------------------------+


+---------------------------------------------------------------------------------------------------------------+
; Assembler Device Options: E:/PortableGit/26869477436acdbd4a38e2197f9c44f255b404d9/output_files/TAIBI_Lab1.sof ;
+----------------+----------------------------------------------------------------------------------------------+
; Option         ; Setting                                                                                      ;
+----------------+----------------------------------------------------------------------------------------------+
; JTAG usercode  ; 0x003B6927                                                                                   ;
; Checksum       ; 0x003B6927                                                                                   ;
+----------------+----------------------------------------------------------------------------------------------+


+--------------------+
; Assembler Messages ;
+--------------------+
Info: *******************************************************************
Info: Running Quartus Prime Assembler
    Info: Version 18.1.0 Build 625 09/12/2018 SJ Lite Edition
    Info: Processing started: Fri Jan 19 18:23:54 2024
Info: Command: quartus_asm --read_settings_files=off --write_settings_files=off TAIBI_Lab1 -c TAIBI_Lab1
Warning (18236): Number of processors has not been specified which may cause overloading on shared machines.  Set the global assignment NUM_PARALLEL_PROCESSORS in your QSF to an appropriate value for best performance.
Info (115031): Writing out detailed assembly data for power analysis
Info (115030): Assembler is generating device programming files
Warning (12914): The file, E:/PortableGit/TAIBI_Lab1/Achraf_Lab1.sopcinfo, is not embedded into sof file as expected.  Some tools, such as System Console, may not function fully.
Info: Quartus Prime Assembler was successful. 0 errors, 2 warnings
    Info: Peak virtual memory: 4691 megabytes
    Info: Processing ended: Fri Jan 19 18:23:59 2024
    Info: Elapsed time: 00:00:05
    Info: Total CPU time (on all processors): 00:00:04


